2022-04-25 14:36:43.485  INFO 16848 --- [org.springframework.amqp.rabbit.RabbitListenerEndpointContainer#1-1] m.r.consumer.Consumer1                   : 消费者2(备份)接收到消息：hello
2022-04-25 14:36:43.485  WARN 16848 --- [org.springframework.amqp.rabbit.RabbitListenerEndpointContainer#2-1] m.r.consumer.Consumer1                   : 发现不可路由信息：hello,uuid：0a15a2ce-e3f2-40fa-98fa-1a9db2afded6
2022-04-25 14:36:43.646  INFO 16848 --- [http-nio-8080-exec-8] m.r.controller.MyController              : 开始发送消息：hello
2022-04-25 14:36:43.648  WARN 16848 --- [org.springframework.amqp.rabbit.RabbitListenerEndpointContainer#2-1] m.r.consumer.Consumer1                   : 发现不可路由信息：hello,uuid：5e3df48e-d26a-4215-a107-2e2d73070081
2022-04-25 14:36:43.648  INFO 16848 --- [org.springframework.amqp.rabbit.RabbitListenerEndpointContainer#1-1] m.r.consumer.Consumer1                   : 消费者2(备份)接收到消息：hello
2022-04-25 14:36:43.797  INFO 16848 --- [http-nio-8080-exec-9] m.r.controller.MyController              : 开始发送消息：hello
2022-04-25 14:36:43.798  INFO 16848 --- [org.springframework.amqp.rabbit.RabbitListenerEndpointContainer#1-1] m.r.consumer.Consumer1                   : 消费者2(备份)接收到消息：hello
2022-04-25 14:36:43.798  WARN 16848 --- [org.springframework.amqp.rabbit.RabbitListenerEndpointContainer#2-1] m.r.consumer.Consumer1                   : 发现不可路由信息：hello,uuid：9cdb8536-8771-4894-bddd-8e007e14b858
2022-04-25 14:37:10.383  INFO 16848 --- [org.springframework.amqp.rabbit.RabbitListenerEndpointContainer#0-2] o.s.a.r.l.SimpleMessageListenerContainer : Waiting for workers to finish.
2022-04-25 14:37:10.384  INFO 16848 --- [org.springframework.amqp.rabbit.RabbitListenerEndpointContainer#1-2] o.s.a.r.l.SimpleMessageListenerContainer : Waiting for workers to finish.
2022-04-25 14:37:10.384  INFO 16848 --- [org.springframework.amqp.rabbit.RabbitListenerEndpointContainer#2-2] o.s.a.r.l.SimpleMessageListenerContainer : Waiting for workers to finish.
2022-04-25 14:37:11.071  INFO 16848 --- [org.springframework.amqp.rabbit.RabbitListenerEndpointContainer#1-2] o.s.a.r.l.SimpleMessageListenerContainer : Successfully waited for workers to finish.
2022-04-25 14:37:11.071  INFO 16848 --- [org.springframework.amqp.rabbit.RabbitListenerEndpointContainer#2-2] o.s.a.r.l.SimpleMessageListenerContainer : Successfully waited for workers to finish.
2022-04-25 14:37:11.219  INFO 16848 --- [org.springframework.amqp.rabbit.RabbitListenerEndpointContainer#0-2] o.s.a.r.l.SimpleMessageListenerContainer : Successfully waited for workers to finish.
2022-04-25 14:37:11.248  INFO 16848 --- [SpringApplicationShutdownHook] o.s.a.r.l.SimpleMessageListenerContainer : Shutdown ignored - container is already stopped
2022-04-25 14:37:11.248  INFO 16848 --- [SpringApplicationShutdownHook] o.s.a.r.l.SimpleMessageListenerContainer : Shutdown ignored - container is already stopped
2022-04-25 14:37:11.248  INFO 16848 --- [SpringApplicationShutdownHook] o.s.a.r.l.SimpleMessageListenerContainer : Shutdown ignored - container is already stopped
2022-04-25 14:38:24.003  INFO 12948 --- [main] r.RabbitMqBackupExchangeApplicationTests : Starting RabbitMqBackupExchangeApplicationTests using Java 16.0.2 on mao with PID 12948 (started by mao in H:\程序\大三下期\rabbitMQ备份交换机)
2022-04-25 14:38:24.004 DEBUG 12948 --- [main] r.RabbitMqBackupExchangeApplicationTests : Running with Spring Boot v2.6.7, Spring v5.3.19
2022-04-25 14:38:24.004  INFO 12948 --- [main] r.RabbitMqBackupExchangeApplicationTests : The following 1 profile is active: "dev"
2022-04-25 14:38:26.076  INFO 12948 --- [main] o.s.a.r.c.CachingConnectionFactory       : Attempting to connect to: [127.0.0.1:5672]
2022-04-25 14:38:26.150  INFO 12948 --- [main] o.s.a.r.c.CachingConnectionFactory       : Created new connection: rabbitConnectionFactory#35a0e495:0/SimpleConnection@4b55ff0a [delegate=amqp://admin@127.0.0.1:5672/, localPort= 56460]
2022-04-25 14:38:26.155  INFO 12948 --- [main] o.s.amqp.rabbit.core.RabbitAdmin         : Auto-declaring a non-durable or auto-delete Exchange (backup_exchange) durable:false, auto-delete:false. It will be deleted by the broker if it shuts down, and can be redeclared by closing and reopening the connection.
2022-04-25 14:38:26.155  INFO 12948 --- [main] o.s.amqp.rabbit.core.RabbitAdmin         : Auto-declaring a non-durable or auto-delete Exchange (confirm_exchange) durable:false, auto-delete:false. It will be deleted by the broker if it shuts down, and can be redeclared by closing and reopening the connection.
2022-04-25 14:38:26.156  INFO 12948 --- [main] o.s.amqp.rabbit.core.RabbitAdmin         : Auto-declaring a non-durable, auto-delete, or exclusive Queue (backup_queue) durable:false, auto-delete:false, exclusive:false. It will be redeclared if the broker stops and is restarted while the connection factory is alive, but all messages will be lost.
2022-04-25 14:38:26.156  INFO 12948 --- [main] o.s.amqp.rabbit.core.RabbitAdmin         : Auto-declaring a non-durable, auto-delete, or exclusive Queue (warning_queue) durable:false, auto-delete:false, exclusive:false. It will be redeclared if the broker stops and is restarted while the connection factory is alive, but all messages will be lost.
2022-04-25 14:38:26.156  INFO 12948 --- [main] o.s.amqp.rabbit.core.RabbitAdmin         : Auto-declaring a non-durable, auto-delete, or exclusive Queue (confirm_queue) durable:false, auto-delete:false, exclusive:false. It will be redeclared if the broker stops and is restarted while the connection factory is alive, but all messages will be lost.
2022-04-25 14:38:26.243  INFO 12948 --- [main] r.RabbitMqBackupExchangeApplicationTests : Started RabbitMqBackupExchangeApplicationTests in 2.604 seconds (JVM running for 3.471)
2022-04-25 14:38:26.752  INFO 12948 --- [org.springframework.amqp.rabbit.RabbitListenerEndpointContainer#0-2] o.s.a.r.l.SimpleMessageListenerContainer : Waiting for workers to finish.
2022-04-25 14:38:26.753  INFO 12948 --- [org.springframework.amqp.rabbit.RabbitListenerEndpointContainer#1-2] o.s.a.r.l.SimpleMessageListenerContainer : Waiting for workers to finish.
2022-04-25 14:38:26.753  INFO 12948 --- [org.springframework.amqp.rabbit.RabbitListenerEndpointContainer#2-2] o.s.a.r.l.SimpleMessageListenerContainer : Waiting for workers to finish.
2022-04-25 14:38:27.241  INFO 12948 --- [org.springframework.amqp.rabbit.RabbitListenerEndpointContainer#0-2] o.s.a.r.l.SimpleMessageListenerContainer : Successfully waited for workers to finish.
2022-04-25 14:38:27.241  INFO 12948 --- [org.springframework.amqp.rabbit.RabbitListenerEndpointContainer#2-2] o.s.a.r.l.SimpleMessageListenerContainer : Successfully waited for workers to finish.
2022-04-25 14:38:27.241  INFO 12948 --- [org.springframework.amqp.rabbit.RabbitListenerEndpointContainer#1-2] o.s.a.r.l.SimpleMessageListenerContainer : Successfully waited for workers to finish.
2022-04-25 14:38:27.243  INFO 12948 --- [SpringApplicationShutdownHook] o.s.a.r.l.SimpleMessageListenerContainer : Shutdown ignored - container is already stopped
2022-04-25 14:38:27.244  INFO 12948 --- [SpringApplicationShutdownHook] o.s.a.r.l.SimpleMessageListenerContainer : Shutdown ignored - container is already stopped
2022-04-25 14:38:27.244  INFO 12948 --- [SpringApplicationShutdownHook] o.s.a.r.l.SimpleMessageListenerContainer : Shutdown ignored - container is already stopped
