2022-04-25 14:24:22.855  INFO 5084 --- [main] m.r.RabbitMqBackupExchangeApplication    : Starting RabbitMqBackupExchangeApplication using Java 16.0.2 on mao with PID 5084 (H:\程序\大三下期\rabbitMQ备份交换机\target\classes started by mao in H:\程序\大三下期\rabbitMQ备份交换机)
2022-04-25 14:24:22.855 DEBUG 5084 --- [main] m.r.RabbitMqBackupExchangeApplication    : Running with Spring Boot v2.6.7, Spring v5.3.19
2022-04-25 14:24:22.857  INFO 5084 --- [main] m.r.RabbitMqBackupExchangeApplication    : The following 1 profile is active: "dev"
2022-04-25 14:24:23.494  INFO 5084 --- [main] o.s.b.w.embedded.tomcat.TomcatWebServer  : Tomcat initialized with port(s): 8080 (http)
2022-04-25 14:24:23.501  INFO 5084 --- [main] o.apache.catalina.core.StandardService   : Starting service [Tomcat]
2022-04-25 14:24:23.501  INFO 5084 --- [main] org.apache.catalina.core.StandardEngine  : Starting Servlet engine: [Apache Tomcat/9.0.62]
2022-04-25 14:24:23.572  INFO 5084 --- [main] o.a.c.c.C.[Tomcat].[localhost].[/]       : Initializing Spring embedded WebApplicationContext
2022-04-25 14:24:23.573  INFO 5084 --- [main] w.s.c.ServletWebServerApplicationContext : Root WebApplicationContext: initialization completed in 682 ms
2022-04-25 14:24:24.028  INFO 5084 --- [main] o.s.b.w.embedded.tomcat.TomcatWebServer  : Tomcat started on port(s): 8080 (http) with context path ''
2022-04-25 14:24:24.038  INFO 5084 --- [main] m.r.RabbitMqBackupExchangeApplication    : Started RabbitMqBackupExchangeApplication in 1.502 seconds (JVM running for 2.015)
2022-04-25 14:24:53.231  INFO 5084 --- [http-nio-8080-exec-2] o.a.c.c.C.[Tomcat].[localhost].[/]       : Initializing Spring DispatcherServlet 'dispatcherServlet'
2022-04-25 14:24:53.231  INFO 5084 --- [http-nio-8080-exec-2] o.s.web.servlet.DispatcherServlet        : Initializing Servlet 'dispatcherServlet'
2022-04-25 14:24:53.232  INFO 5084 --- [http-nio-8080-exec-2] o.s.web.servlet.DispatcherServlet        : Completed initialization in 1 ms
2022-04-25 14:24:53.252  INFO 5084 --- [http-nio-8080-exec-2] m.r.controller.MyController              : 开始发送消息：hello
2022-04-25 14:24:53.259  INFO 5084 --- [http-nio-8080-exec-2] o.s.a.r.c.CachingConnectionFactory       : Attempting to connect to: [127.0.0.1:5672]
2022-04-25 14:24:53.276  INFO 5084 --- [http-nio-8080-exec-2] o.s.a.r.c.CachingConnectionFactory       : Created new connection: rabbitConnectionFactory#75a0c890:0/SimpleConnection@5ab22e5b [delegate=amqp://admin@127.0.0.1:5672/, localPort= 55857]
2022-04-25 14:24:53.280  INFO 5084 --- [http-nio-8080-exec-2] o.s.amqp.rabbit.core.RabbitAdmin         : Auto-declaring a non-durable or auto-delete Exchange (backup_exchange) durable:false, auto-delete:false. It will be deleted by the broker if it shuts down, and can be redeclared by closing and reopening the connection.
2022-04-25 14:24:53.280  INFO 5084 --- [http-nio-8080-exec-2] o.s.amqp.rabbit.core.RabbitAdmin         : Auto-declaring a non-durable or auto-delete Exchange (confirm_exchange) durable:false, auto-delete:false. It will be deleted by the broker if it shuts down, and can be redeclared by closing and reopening the connection.
2022-04-25 14:24:53.280  INFO 5084 --- [http-nio-8080-exec-2] o.s.amqp.rabbit.core.RabbitAdmin         : Auto-declaring a non-durable, auto-delete, or exclusive Queue (backup_queue) durable:false, auto-delete:false, exclusive:false. It will be redeclared if the broker stops and is restarted while the connection factory is alive, but all messages will be lost.
2022-04-25 14:24:53.280  INFO 5084 --- [http-nio-8080-exec-2] o.s.amqp.rabbit.core.RabbitAdmin         : Auto-declaring a non-durable, auto-delete, or exclusive Queue (warning_queue) durable:false, auto-delete:false, exclusive:false. It will be redeclared if the broker stops and is restarted while the connection factory is alive, but all messages will be lost.
2022-04-25 14:24:53.280  INFO 5084 --- [http-nio-8080-exec-2] o.s.amqp.rabbit.core.RabbitAdmin         : Auto-declaring a non-durable, auto-delete, or exclusive Queue (confirm_queue) durable:false, auto-delete:false, exclusive:false. It will be redeclared if the broker stops and is restarted while the connection factory is alive, but all messages will be lost.
2022-04-25 14:24:53.296 ERROR 5084 --- [AMQP Connection 127.0.0.1:5672] o.s.a.r.c.CachingConnectionFactory       : Shutdown Signal: channel error; protocol method: #method<channel.close>(reply-code=406, reply-text=PRECONDITION_FAILED - inequivalent arg 'alternate-exchange' for exchange 'confirm_exchange' in vhost '/': received the value 'backup_exchange' of type 'longstr' but current is none, class-id=40, method-id=10)
2022-04-25 14:24:54.300  INFO 5084 --- [http-nio-8080-exec-2] o.s.amqp.rabbit.core.RabbitAdmin         : Auto-declaring a non-durable or auto-delete Exchange (backup_exchange) durable:false, auto-delete:false. It will be deleted by the broker if it shuts down, and can be redeclared by closing and reopening the connection.
2022-04-25 14:24:54.300  INFO 5084 --- [http-nio-8080-exec-2] o.s.amqp.rabbit.core.RabbitAdmin         : Auto-declaring a non-durable or auto-delete Exchange (confirm_exchange) durable:false, auto-delete:false. It will be deleted by the broker if it shuts down, and can be redeclared by closing and reopening the connection.
2022-04-25 14:24:54.301  INFO 5084 --- [http-nio-8080-exec-2] o.s.amqp.rabbit.core.RabbitAdmin         : Auto-declaring a non-durable, auto-delete, or exclusive Queue (backup_queue) durable:false, auto-delete:false, exclusive:false. It will be redeclared if the broker stops and is restarted while the connection factory is alive, but all messages will be lost.
2022-04-25 14:24:54.301  INFO 5084 --- [http-nio-8080-exec-2] o.s.amqp.rabbit.core.RabbitAdmin         : Auto-declaring a non-durable, auto-delete, or exclusive Queue (warning_queue) durable:false, auto-delete:false, exclusive:false. It will be redeclared if the broker stops and is restarted while the connection factory is alive, but all messages will be lost.
2022-04-25 14:24:54.301  INFO 5084 --- [http-nio-8080-exec-2] o.s.amqp.rabbit.core.RabbitAdmin         : Auto-declaring a non-durable, auto-delete, or exclusive Queue (confirm_queue) durable:false, auto-delete:false, exclusive:false. It will be redeclared if the broker stops and is restarted while the connection factory is alive, but all messages will be lost.
2022-04-25 14:24:54.303 ERROR 5084 --- [AMQP Connection 127.0.0.1:5672] o.s.a.r.c.CachingConnectionFactory       : Shutdown Signal: channel error; protocol method: #method<channel.close>(reply-code=406, reply-text=PRECONDITION_FAILED - inequivalent arg 'alternate-exchange' for exchange 'confirm_exchange' in vhost '/': received the value 'backup_exchange' of type 'longstr' but current is none, class-id=40, method-id=10)
2022-04-25 14:24:56.308  INFO 5084 --- [http-nio-8080-exec-2] o.s.amqp.rabbit.core.RabbitAdmin         : Auto-declaring a non-durable or auto-delete Exchange (backup_exchange) durable:false, auto-delete:false. It will be deleted by the broker if it shuts down, and can be redeclared by closing and reopening the connection.
2022-04-25 14:24:56.309  INFO 5084 --- [http-nio-8080-exec-2] o.s.amqp.rabbit.core.RabbitAdmin         : Auto-declaring a non-durable or auto-delete Exchange (confirm_exchange) durable:false, auto-delete:false. It will be deleted by the broker if it shuts down, and can be redeclared by closing and reopening the connection.
2022-04-25 14:24:56.309  INFO 5084 --- [http-nio-8080-exec-2] o.s.amqp.rabbit.core.RabbitAdmin         : Auto-declaring a non-durable, auto-delete, or exclusive Queue (backup_queue) durable:false, auto-delete:false, exclusive:false. It will be redeclared if the broker stops and is restarted while the connection factory is alive, but all messages will be lost.
2022-04-25 14:24:56.309  INFO 5084 --- [http-nio-8080-exec-2] o.s.amqp.rabbit.core.RabbitAdmin         : Auto-declaring a non-durable, auto-delete, or exclusive Queue (warning_queue) durable:false, auto-delete:false, exclusive:false. It will be redeclared if the broker stops and is restarted while the connection factory is alive, but all messages will be lost.
2022-04-25 14:24:56.309  INFO 5084 --- [http-nio-8080-exec-2] o.s.amqp.rabbit.core.RabbitAdmin         : Auto-declaring a non-durable, auto-delete, or exclusive Queue (confirm_queue) durable:false, auto-delete:false, exclusive:false. It will be redeclared if the broker stops and is restarted while the connection factory is alive, but all messages will be lost.
2022-04-25 14:24:56.312 ERROR 5084 --- [AMQP Connection 127.0.0.1:5672] o.s.a.r.c.CachingConnectionFactory       : Shutdown Signal: channel error; protocol method: #method<channel.close>(reply-code=406, reply-text=PRECONDITION_FAILED - inequivalent arg 'alternate-exchange' for exchange 'confirm_exchange' in vhost '/': received the value 'backup_exchange' of type 'longstr' but current is none, class-id=40, method-id=10)
2022-04-25 14:25:00.318  INFO 5084 --- [http-nio-8080-exec-2] o.s.amqp.rabbit.core.RabbitAdmin         : Auto-declaring a non-durable or auto-delete Exchange (backup_exchange) durable:false, auto-delete:false. It will be deleted by the broker if it shuts down, and can be redeclared by closing and reopening the connection.
2022-04-25 14:25:00.318  INFO 5084 --- [http-nio-8080-exec-2] o.s.amqp.rabbit.core.RabbitAdmin         : Auto-declaring a non-durable or auto-delete Exchange (confirm_exchange) durable:false, auto-delete:false. It will be deleted by the broker if it shuts down, and can be redeclared by closing and reopening the connection.
2022-04-25 14:25:00.319  INFO 5084 --- [http-nio-8080-exec-2] o.s.amqp.rabbit.core.RabbitAdmin         : Auto-declaring a non-durable, auto-delete, or exclusive Queue (backup_queue) durable:false, auto-delete:false, exclusive:false. It will be redeclared if the broker stops and is restarted while the connection factory is alive, but all messages will be lost.
2022-04-25 14:25:00.319  INFO 5084 --- [http-nio-8080-exec-2] o.s.amqp.rabbit.core.RabbitAdmin         : Auto-declaring a non-durable, auto-delete, or exclusive Queue (warning_queue) durable:false, auto-delete:false, exclusive:false. It will be redeclared if the broker stops and is restarted while the connection factory is alive, but all messages will be lost.
2022-04-25 14:25:00.319  INFO 5084 --- [http-nio-8080-exec-2] o.s.amqp.rabbit.core.RabbitAdmin         : Auto-declaring a non-durable, auto-delete, or exclusive Queue (confirm_queue) durable:false, auto-delete:false, exclusive:false. It will be redeclared if the broker stops and is restarted while the connection factory is alive, but all messages will be lost.
2022-04-25 14:25:00.322 ERROR 5084 --- [AMQP Connection 127.0.0.1:5672] o.s.a.r.c.CachingConnectionFactory       : Shutdown Signal: channel error; protocol method: #method<channel.close>(reply-code=406, reply-text=PRECONDITION_FAILED - inequivalent arg 'alternate-exchange' for exchange 'confirm_exchange' in vhost '/': received the value 'backup_exchange' of type 'longstr' but current is none, class-id=40, method-id=10)
2022-04-25 14:25:05.326  INFO 5084 --- [http-nio-8080-exec-2] o.s.amqp.rabbit.core.RabbitAdmin         : Auto-declaring a non-durable or auto-delete Exchange (backup_exchange) durable:false, auto-delete:false. It will be deleted by the broker if it shuts down, and can be redeclared by closing and reopening the connection.
2022-04-25 14:25:05.326  INFO 5084 --- [http-nio-8080-exec-2] o.s.amqp.rabbit.core.RabbitAdmin         : Auto-declaring a non-durable or auto-delete Exchange (confirm_exchange) durable:false, auto-delete:false. It will be deleted by the broker if it shuts down, and can be redeclared by closing and reopening the connection.
2022-04-25 14:25:05.327  INFO 5084 --- [http-nio-8080-exec-2] o.s.amqp.rabbit.core.RabbitAdmin         : Auto-declaring a non-durable, auto-delete, or exclusive Queue (backup_queue) durable:false, auto-delete:false, exclusive:false. It will be redeclared if the broker stops and is restarted while the connection factory is alive, but all messages will be lost.
2022-04-25 14:25:05.327  INFO 5084 --- [http-nio-8080-exec-2] o.s.amqp.rabbit.core.RabbitAdmin         : Auto-declaring a non-durable, auto-delete, or exclusive Queue (warning_queue) durable:false, auto-delete:false, exclusive:false. It will be redeclared if the broker stops and is restarted while the connection factory is alive, but all messages will be lost.
2022-04-25 14:25:05.327  INFO 5084 --- [http-nio-8080-exec-2] o.s.amqp.rabbit.core.RabbitAdmin         : Auto-declaring a non-durable, auto-delete, or exclusive Queue (confirm_queue) durable:false, auto-delete:false, exclusive:false. It will be redeclared if the broker stops and is restarted while the connection factory is alive, but all messages will be lost.
2022-04-25 14:25:05.329 ERROR 5084 --- [AMQP Connection 127.0.0.1:5672] o.s.a.r.c.CachingConnectionFactory       : Shutdown Signal: channel error; protocol method: #method<channel.close>(reply-code=406, reply-text=PRECONDITION_FAILED - inequivalent arg 'alternate-exchange' for exchange 'confirm_exchange' in vhost '/': received the value 'backup_exchange' of type 'longstr' but current is none, class-id=40, method-id=10)
2022-04-25 14:25:05.344 ERROR 5084 --- [http-nio-8080-exec-2] o.a.c.c.C.[.[.[/].[dispatcherServlet]    : Servlet.service() for servlet [dispatcherServlet] in context with path [] threw exception [Request processing failed; nested exception is org.springframework.amqp.AmqpIOException: java.io.IOException] with root cause

com.rabbitmq.client.ShutdownSignalException: channel error; protocol method: #method<channel.close>(reply-code=406, reply-text=PRECONDITION_FAILED - inequivalent arg 'alternate-exchange' for exchange 'confirm_exchange' in vhost '/': received the value 'backup_exchange' of type 'longstr' but current is none, class-id=40, method-id=10)
	at com.rabbitmq.client.impl.ChannelN.asyncShutdown(ChannelN.java:517) ~[amqp-client-5.13.1.jar:5.13.1]
	at com.rabbitmq.client.impl.ChannelN.processAsync(ChannelN.java:341) ~[amqp-client-5.13.1.jar:5.13.1]
	at com.rabbitmq.client.impl.AMQChannel.handleCompleteInboundCommand(AMQChannel.java:182) ~[amqp-client-5.13.1.jar:5.13.1]
	at com.rabbitmq.client.impl.AMQChannel.handleFrame(AMQChannel.java:114) ~[amqp-client-5.13.1.jar:5.13.1]
	at com.rabbitmq.client.impl.AMQConnection.readFrame(AMQConnection.java:739) ~[amqp-client-5.13.1.jar:5.13.1]
	at com.rabbitmq.client.impl.AMQConnection.access$300(AMQConnection.java:47) ~[amqp-client-5.13.1.jar:5.13.1]
	at com.rabbitmq.client.impl.AMQConnection$MainLoop.run(AMQConnection.java:666) ~[amqp-client-5.13.1.jar:5.13.1]
	at java.base/java.lang.Thread.run(Thread.java:831) ~[na:na]

2022-04-25 14:27:18.705  INFO 18824 --- [main] m.r.RabbitMqBackupExchangeApplication    : Starting RabbitMqBackupExchangeApplication using Java 16.0.2 on mao with PID 18824 (H:\程序\大三下期\rabbitMQ备份交换机\target\classes started by mao in H:\程序\大三下期\rabbitMQ备份交换机)
2022-04-25 14:27:18.707 DEBUG 18824 --- [main] m.r.RabbitMqBackupExchangeApplication    : Running with Spring Boot v2.6.7, Spring v5.3.19
2022-04-25 14:27:18.707  INFO 18824 --- [main] m.r.RabbitMqBackupExchangeApplication    : The following 1 profile is active: "dev"
2022-04-25 14:27:19.364  INFO 18824 --- [main] o.s.b.w.embedded.tomcat.TomcatWebServer  : Tomcat initialized with port(s): 8080 (http)
2022-04-25 14:27:19.371  INFO 18824 --- [main] o.apache.catalina.core.StandardService   : Starting service [Tomcat]
2022-04-25 14:27:19.371  INFO 18824 --- [main] org.apache.catalina.core.StandardEngine  : Starting Servlet engine: [Apache Tomcat/9.0.62]
2022-04-25 14:27:19.444  INFO 18824 --- [main] o.a.c.c.C.[Tomcat].[localhost].[/]       : Initializing Spring embedded WebApplicationContext
2022-04-25 14:27:19.445  INFO 18824 --- [main] w.s.c.ServletWebServerApplicationContext : Root WebApplicationContext: initialization completed in 698 ms
2022-04-25 14:27:19.892  INFO 18824 --- [main] o.s.b.w.embedded.tomcat.TomcatWebServer  : Tomcat started on port(s): 8080 (http) with context path ''
2022-04-25 14:27:19.902  INFO 18824 --- [main] m.r.RabbitMqBackupExchangeApplication    : Started RabbitMqBackupExchangeApplication in 1.528 seconds (JVM running for 1.968)
