2022-04-25 14:27:24.415  INFO 18824 --- [http-nio-8080-exec-1] o.a.c.c.C.[Tomcat].[localhost].[/]       : Initializing Spring DispatcherServlet 'dispatcherServlet'
2022-04-25 14:27:24.417  INFO 18824 --- [http-nio-8080-exec-1] o.s.web.servlet.DispatcherServlet        : Initializing Servlet 'dispatcherServlet'
2022-04-25 14:27:24.418  INFO 18824 --- [http-nio-8080-exec-1] o.s.web.servlet.DispatcherServlet        : Completed initialization in 0 ms
2022-04-25 14:27:24.441  INFO 18824 --- [http-nio-8080-exec-1] m.r.controller.MyController              : 开始发送消息：hello
2022-04-25 14:27:24.449  INFO 18824 --- [http-nio-8080-exec-1] o.s.a.r.c.CachingConnectionFactory       : Attempting to connect to: [127.0.0.1:5672]
2022-04-25 14:27:24.468  INFO 18824 --- [http-nio-8080-exec-1] o.s.a.r.c.CachingConnectionFactory       : Created new connection: rabbitConnectionFactory#1886991b:0/SimpleConnection@8d35d94 [delegate=amqp://admin@127.0.0.1:5672/, localPort= 55954]
2022-04-25 14:27:24.471  INFO 18824 --- [http-nio-8080-exec-1] o.s.amqp.rabbit.core.RabbitAdmin         : Auto-declaring a non-durable or auto-delete Exchange (backup_exchange) durable:false, auto-delete:false. It will be deleted by the broker if it shuts down, and can be redeclared by closing and reopening the connection.
2022-04-25 14:27:24.471  INFO 18824 --- [http-nio-8080-exec-1] o.s.amqp.rabbit.core.RabbitAdmin         : Auto-declaring a non-durable or auto-delete Exchange (confirm_exchange) durable:false, auto-delete:false. It will be deleted by the broker if it shuts down, and can be redeclared by closing and reopening the connection.
2022-04-25 14:27:24.471  INFO 18824 --- [http-nio-8080-exec-1] o.s.amqp.rabbit.core.RabbitAdmin         : Auto-declaring a non-durable, auto-delete, or exclusive Queue (backup_queue) durable:false, auto-delete:false, exclusive:false. It will be redeclared if the broker stops and is restarted while the connection factory is alive, but all messages will be lost.
2022-04-25 14:27:24.471  INFO 18824 --- [http-nio-8080-exec-1] o.s.amqp.rabbit.core.RabbitAdmin         : Auto-declaring a non-durable, auto-delete, or exclusive Queue (warning_queue) durable:false, auto-delete:false, exclusive:false. It will be redeclared if the broker stops and is restarted while the connection factory is alive, but all messages will be lost.
2022-04-25 14:27:24.471  INFO 18824 --- [http-nio-8080-exec-1] o.s.amqp.rabbit.core.RabbitAdmin         : Auto-declaring a non-durable, auto-delete, or exclusive Queue (confirm_queue) durable:false, auto-delete:false, exclusive:false. It will be redeclared if the broker stops and is restarted while the connection factory is alive, but all messages will be lost.
2022-04-25 14:27:36.250  INFO 18824 --- [http-nio-8080-exec-2] m.r.controller.MyController              : 开始发送消息：hello
2022-04-25 14:27:55.440  INFO 18824 --- [http-nio-8080-exec-3] m.r.controller.MyController              : 开始发送消息：hello
2022-04-25 14:28:38.335  INFO 13624 --- [main] m.r.RabbitMqBackupExchangeApplication    : Starting RabbitMqBackupExchangeApplication using Java 16.0.2 on mao with PID 13624 (H:\程序\大三下期\rabbitMQ备份交换机\target\classes started by mao in H:\程序\大三下期\rabbitMQ备份交换机)
2022-04-25 14:28:38.337 DEBUG 13624 --- [main] m.r.RabbitMqBackupExchangeApplication    : Running with Spring Boot v2.6.7, Spring v5.3.19
2022-04-25 14:28:38.338  INFO 13624 --- [main] m.r.RabbitMqBackupExchangeApplication    : The following 1 profile is active: "dev"
2022-04-25 14:28:38.988  INFO 13624 --- [main] o.s.b.w.embedded.tomcat.TomcatWebServer  : Tomcat initialized with port(s): 8080 (http)
2022-04-25 14:28:38.994  INFO 13624 --- [main] o.apache.catalina.core.StandardService   : Starting service [Tomcat]
2022-04-25 14:28:38.994  INFO 13624 --- [main] org.apache.catalina.core.StandardEngine  : Starting Servlet engine: [Apache Tomcat/9.0.62]
2022-04-25 14:28:39.068  INFO 13624 --- [main] o.a.c.c.C.[Tomcat].[localhost].[/]       : Initializing Spring embedded WebApplicationContext
2022-04-25 14:28:39.069  INFO 13624 --- [main] w.s.c.ServletWebServerApplicationContext : Root WebApplicationContext: initialization completed in 697 ms
2022-04-25 14:28:39.529  INFO 13624 --- [main] o.s.b.w.embedded.tomcat.TomcatWebServer  : Tomcat started on port(s): 8080 (http) with context path ''
2022-04-25 14:28:39.530  INFO 13624 --- [main] o.s.a.r.c.CachingConnectionFactory       : Attempting to connect to: [127.0.0.1:5672]
2022-04-25 14:28:39.547  INFO 13624 --- [main] o.s.a.r.c.CachingConnectionFactory       : Created new connection: rabbitConnectionFactory#a4b5ce3:0/SimpleConnection@2001e48c [delegate=amqp://admin@127.0.0.1:5672/, localPort= 56022]
2022-04-25 14:28:39.551  INFO 13624 --- [main] o.s.amqp.rabbit.core.RabbitAdmin         : Auto-declaring a non-durable or auto-delete Exchange (backup_exchange) durable:false, auto-delete:false. It will be deleted by the broker if it shuts down, and can be redeclared by closing and reopening the connection.
2022-04-25 14:28:39.551  INFO 13624 --- [main] o.s.amqp.rabbit.core.RabbitAdmin         : Auto-declaring a non-durable or auto-delete Exchange (confirm_exchange) durable:false, auto-delete:false. It will be deleted by the broker if it shuts down, and can be redeclared by closing and reopening the connection.
2022-04-25 14:28:39.551  INFO 13624 --- [main] o.s.amqp.rabbit.core.RabbitAdmin         : Auto-declaring a non-durable, auto-delete, or exclusive Queue (backup_queue) durable:false, auto-delete:false, exclusive:false. It will be redeclared if the broker stops and is restarted while the connection factory is alive, but all messages will be lost.
2022-04-25 14:28:39.551  INFO 13624 --- [main] o.s.amqp.rabbit.core.RabbitAdmin         : Auto-declaring a non-durable, auto-delete, or exclusive Queue (warning_queue) durable:false, auto-delete:false, exclusive:false. It will be redeclared if the broker stops and is restarted while the connection factory is alive, but all messages will be lost.
2022-04-25 14:28:39.551  INFO 13624 --- [main] o.s.amqp.rabbit.core.RabbitAdmin         : Auto-declaring a non-durable, auto-delete, or exclusive Queue (confirm_queue) durable:false, auto-delete:false, exclusive:false. It will be redeclared if the broker stops and is restarted while the connection factory is alive, but all messages will be lost.
2022-04-25 14:28:39.594  INFO 13624 --- [main] m.r.RabbitMqBackupExchangeApplication    : Started RabbitMqBackupExchangeApplication in 1.575 seconds (JVM running for 2.024)
2022-04-25 14:28:45.755  INFO 13624 --- [http-nio-8080-exec-2] o.a.c.c.C.[Tomcat].[localhost].[/]       : Initializing Spring DispatcherServlet 'dispatcherServlet'
2022-04-25 14:28:45.755  INFO 13624 --- [http-nio-8080-exec-2] o.s.web.servlet.DispatcherServlet        : Initializing Servlet 'dispatcherServlet'
2022-04-25 14:28:45.756  INFO 13624 --- [http-nio-8080-exec-2] o.s.web.servlet.DispatcherServlet        : Completed initialization in 1 ms
2022-04-25 14:28:45.776  INFO 13624 --- [http-nio-8080-exec-2] m.r.controller.MyController              : 开始发送消息：hello
2022-04-25 14:29:34.798  INFO 13624 --- [org.springframework.amqp.rabbit.RabbitListenerEndpointContainer#0-2] o.s.a.r.l.SimpleMessageListenerContainer : Waiting for workers to finish.
2022-04-25 14:29:34.800  INFO 13624 --- [org.springframework.amqp.rabbit.RabbitListenerEndpointContainer#1-2] o.s.a.r.l.SimpleMessageListenerContainer : Waiting for workers to finish.
2022-04-25 14:29:35.143  INFO 13624 --- [org.springframework.amqp.rabbit.RabbitListenerEndpointContainer#0-2] o.s.a.r.l.SimpleMessageListenerContainer : Successfully waited for workers to finish.
2022-04-25 14:29:35.143  INFO 13624 --- [org.springframework.amqp.rabbit.RabbitListenerEndpointContainer#1-2] o.s.a.r.l.SimpleMessageListenerContainer : Successfully waited for workers to finish.
2022-04-25 14:29:35.161  INFO 13624 --- [SpringApplicationShutdownHook] o.s.a.r.l.SimpleMessageListenerContainer : Shutdown ignored - container is already stopped
2022-04-25 14:29:35.161  INFO 13624 --- [SpringApplicationShutdownHook] o.s.a.r.l.SimpleMessageListenerContainer : Shutdown ignored - container is already stopped
2022-04-25 14:29:38.458  INFO 7928 --- [main] m.r.RabbitMqBackupExchangeApplication    : Starting RabbitMqBackupExchangeApplication using Java 16.0.2 on mao with PID 7928 (H:\程序\大三下期\rabbitMQ备份交换机\target\classes started by mao in H:\程序\大三下期\rabbitMQ备份交换机)
2022-04-25 14:29:38.460 DEBUG 7928 --- [main] m.r.RabbitMqBackupExchangeApplication    : Running with Spring Boot v2.6.7, Spring v5.3.19
2022-04-25 14:29:38.461  INFO 7928 --- [main] m.r.RabbitMqBackupExchangeApplication    : The following 1 profile is active: "dev"
2022-04-25 14:29:39.122  INFO 7928 --- [main] o.s.b.w.embedded.tomcat.TomcatWebServer  : Tomcat initialized with port(s): 8080 (http)
2022-04-25 14:29:39.129  INFO 7928 --- [main] o.apache.catalina.core.StandardService   : Starting service [Tomcat]
2022-04-25 14:29:39.129  INFO 7928 --- [main] org.apache.catalina.core.StandardEngine  : Starting Servlet engine: [Apache Tomcat/9.0.62]
2022-04-25 14:29:39.207  INFO 7928 --- [main] o.a.c.c.C.[Tomcat].[localhost].[/]       : Initializing Spring embedded WebApplicationContext
2022-04-25 14:29:39.207  INFO 7928 --- [main] w.s.c.ServletWebServerApplicationContext : Root WebApplicationContext: initialization completed in 707 ms
2022-04-25 14:29:39.666  INFO 7928 --- [main] o.s.b.w.embedded.tomcat.TomcatWebServer  : Tomcat started on port(s): 8080 (http) with context path ''
2022-04-25 14:29:39.667  INFO 7928 --- [main] o.s.a.r.c.CachingConnectionFactory       : Attempting to connect to: [127.0.0.1:5672]
2022-04-25 14:29:39.684  INFO 7928 --- [main] o.s.a.r.c.CachingConnectionFactory       : Created new connection: rabbitConnectionFactory#a4b5ce3:0/SimpleConnection@2001e48c [delegate=amqp://admin@127.0.0.1:5672/, localPort= 56071]
2022-04-25 14:29:39.688  INFO 7928 --- [main] o.s.amqp.rabbit.core.RabbitAdmin         : Auto-declaring a non-durable or auto-delete Exchange (backup_exchange) durable:false, auto-delete:false. It will be deleted by the broker if it shuts down, and can be redeclared by closing and reopening the connection.
2022-04-25 14:29:39.688  INFO 7928 --- [main] o.s.amqp.rabbit.core.RabbitAdmin         : Auto-declaring a non-durable or auto-delete Exchange (confirm_exchange) durable:false, auto-delete:false. It will be deleted by the broker if it shuts down, and can be redeclared by closing and reopening the connection.
2022-04-25 14:29:39.688  INFO 7928 --- [main] o.s.amqp.rabbit.core.RabbitAdmin         : Auto-declaring a non-durable, auto-delete, or exclusive Queue (backup_queue) durable:false, auto-delete:false, exclusive:false. It will be redeclared if the broker stops and is restarted while the connection factory is alive, but all messages will be lost.
2022-04-25 14:29:39.688  INFO 7928 --- [main] o.s.amqp.rabbit.core.RabbitAdmin         : Auto-declaring a non-durable, auto-delete, or exclusive Queue (warning_queue) durable:false, auto-delete:false, exclusive:false. It will be redeclared if the broker stops and is restarted while the connection factory is alive, but all messages will be lost.
2022-04-25 14:29:39.688  INFO 7928 --- [main] o.s.amqp.rabbit.core.RabbitAdmin         : Auto-declaring a non-durable, auto-delete, or exclusive Queue (confirm_queue) durable:false, auto-delete:false, exclusive:false. It will be redeclared if the broker stops and is restarted while the connection factory is alive, but all messages will be lost.
2022-04-25 14:29:39.726  INFO 7928 --- [org.springframework.amqp.rabbit.RabbitListenerEndpointContainer#0-1] m.r.consumer.Consumer1                   : 消费者2(备份)接收到消息：hello
2022-04-25 14:29:39.728  INFO 7928 --- [main] m.r.RabbitMqBackupExchangeApplication    : Started RabbitMqBackupExchangeApplication in 1.611 seconds (JVM running for 2.071)
2022-04-25 14:29:39.728  INFO 7928 --- [org.springframework.amqp.rabbit.RabbitListenerEndpointContainer#0-1] m.r.consumer.Consumer1                   : 消费者2(备份)接收到消息：hello
2022-04-25 14:29:39.728  INFO 7928 --- [org.springframework.amqp.rabbit.RabbitListenerEndpointContainer#0-1] m.r.consumer.Consumer1                   : 消费者2(备份)接收到消息：hello
2022-04-25 14:29:39.728  INFO 7928 --- [org.springframework.amqp.rabbit.RabbitListenerEndpointContainer#0-1] m.r.consumer.Consumer1                   : 消费者2(备份)接收到消息：hello
2022-04-25 14:29:39.728  WARN 7928 --- [org.springframework.amqp.rabbit.RabbitListenerEndpointContainer#1-1] m.r.consumer.Consumer1                   : 发现不可路由信息：hello,uuid：hello
2022-04-25 14:29:39.728  WARN 7928 --- [org.springframework.amqp.rabbit.RabbitListenerEndpointContainer#1-1] m.r.consumer.Consumer1                   : 发现不可路由信息：hello,uuid：hello
2022-04-25 14:29:39.728  WARN 7928 --- [org.springframework.amqp.rabbit.RabbitListenerEndpointContainer#1-1] m.r.consumer.Consumer1                   : 发现不可路由信息：hello,uuid：hello
2022-04-25 14:29:39.729  WARN 7928 --- [org.springframework.amqp.rabbit.RabbitListenerEndpointContainer#1-1] m.r.consumer.Consumer1                   : 发现不可路由信息：hello,uuid：hello
2022-04-25 14:31:52.316  INFO 7928 --- [org.springframework.amqp.rabbit.RabbitListenerEndpointContainer#0-2] o.s.a.r.l.SimpleMessageListenerContainer : Waiting for workers to finish.
2022-04-25 14:31:52.317  INFO 7928 --- [org.springframework.amqp.rabbit.RabbitListenerEndpointContainer#1-2] o.s.a.r.l.SimpleMessageListenerContainer : Waiting for workers to finish.
2022-04-25 14:31:53.208  INFO 7928 --- [org.springframework.amqp.rabbit.RabbitListenerEndpointContainer#1-2] o.s.a.r.l.SimpleMessageListenerContainer : Successfully waited for workers to finish.
2022-04-25 14:31:53.208  INFO 7928 --- [org.springframework.amqp.rabbit.RabbitListenerEndpointContainer#0-2] o.s.a.r.l.SimpleMessageListenerContainer : Successfully waited for workers to finish.
2022-04-25 14:31:53.227  INFO 7928 --- [SpringApplicationShutdownHook] o.s.a.r.l.SimpleMessageListenerContainer : Shutdown ignored - container is already stopped
2022-04-25 14:31:53.228  INFO 7928 --- [SpringApplicationShutdownHook] o.s.a.r.l.SimpleMessageListenerContainer : Shutdown ignored - container is already stopped
2022-04-25 14:31:56.305  INFO 14096 --- [main] m.r.RabbitMqBackupExchangeApplication    : Starting RabbitMqBackupExchangeApplication using Java 16.0.2 on mao with PID 14096 (H:\程序\大三下期\rabbitMQ备份交换机\target\classes started by mao in H:\程序\大三下期\rabbitMQ备份交换机)
2022-04-25 14:31:56.307 DEBUG 14096 --- [main] m.r.RabbitMqBackupExchangeApplication    : Running with Spring Boot v2.6.7, Spring v5.3.19
2022-04-25 14:31:56.308  INFO 14096 --- [main] m.r.RabbitMqBackupExchangeApplication    : The following 1 profile is active: "dev"
2022-04-25 14:31:56.942  INFO 14096 --- [main] o.s.b.w.embedded.tomcat.TomcatWebServer  : Tomcat initialized with port(s): 8080 (http)
2022-04-25 14:31:56.948  INFO 14096 --- [main] o.apache.catalina.core.StandardService   : Starting service [Tomcat]
2022-04-25 14:31:56.949  INFO 14096 --- [main] org.apache.catalina.core.StandardEngine  : Starting Servlet engine: [Apache Tomcat/9.0.62]
2022-04-25 14:31:57.020  INFO 14096 --- [main] o.a.c.c.C.[Tomcat].[localhost].[/]       : Initializing Spring embedded WebApplicationContext
2022-04-25 14:31:57.020  INFO 14096 --- [main] w.s.c.ServletWebServerApplicationContext : Root WebApplicationContext: initialization completed in 676 ms
2022-04-25 14:31:57.486  INFO 14096 --- [main] o.s.b.w.embedded.tomcat.TomcatWebServer  : Tomcat started on port(s): 8080 (http) with context path ''
2022-04-25 14:31:57.488  INFO 14096 --- [main] o.s.a.r.c.CachingConnectionFactory       : Attempting to connect to: [127.0.0.1:5672]
2022-04-25 14:31:57.507  INFO 14096 --- [main] o.s.a.r.c.CachingConnectionFactory       : Created new connection: rabbitConnectionFactory#1a6dc589:0/SimpleConnection@1536ea40 [delegate=amqp://admin@127.0.0.1:5672/, localPort= 56159]
2022-04-25 14:31:57.510  INFO 14096 --- [main] o.s.amqp.rabbit.core.RabbitAdmin         : Auto-declaring a non-durable or auto-delete Exchange (backup_exchange) durable:false, auto-delete:false. It will be deleted by the broker if it shuts down, and can be redeclared by closing and reopening the connection.
2022-04-25 14:31:57.510  INFO 14096 --- [main] o.s.amqp.rabbit.core.RabbitAdmin         : Auto-declaring a non-durable or auto-delete Exchange (confirm_exchange) durable:false, auto-delete:false. It will be deleted by the broker if it shuts down, and can be redeclared by closing and reopening the connection.
2022-04-25 14:31:57.510  INFO 14096 --- [main] o.s.amqp.rabbit.core.RabbitAdmin         : Auto-declaring a non-durable, auto-delete, or exclusive Queue (backup_queue) durable:false, auto-delete:false, exclusive:false. It will be redeclared if the broker stops and is restarted while the connection factory is alive, but all messages will be lost.
2022-04-25 14:31:57.510  INFO 14096 --- [main] o.s.amqp.rabbit.core.RabbitAdmin         : Auto-declaring a non-durable, auto-delete, or exclusive Queue (warning_queue) durable:false, auto-delete:false, exclusive:false. It will be redeclared if the broker stops and is restarted while the connection factory is alive, but all messages will be lost.
